<?xml version="1.0" encoding="UTF-8"?>
<!-- Generated by org.testng.reporters.JUnitReportReporter -->
<testsuite hostname="LAPTOP-0A2M3F1A" failures="0" tests="4" name="com.qa.ohrm.testcases.WeekTimeSheetTest" time="209.147" errors="0" timestamp="2023-06-09T11:07:00 IST" skipped="0">
  <testcase classname="com.qa.ohrm.testcases.WeekTimeSheetTest" name="edit" time="42.801"/>
  <system-out/>
  <testcase classname="com.qa.ohrm.testcases.WeekTimeSheetTest" name="clickAddRow" time="44.895"/>
  <system-out/>
  <testcase classname="com.qa.ohrm.testcases.WeekTimeSheetTest" name="clickReset" time="83.756"/>
  <system-out/>
  <testcase classname="com.qa.ohrm.testcases.WeekTimeSheetTest" name="clickCancel" time="37.695"/>
  <system-out/>
</testsuite> <!-- com.qa.ohrm.testcases.WeekTimeSheetTest -->
