<?xml version="1.0" encoding="UTF-8"?>
<!-- Generated by org.testng.reporters.JUnitReportReporter -->
<testsuite hostname="LAPTOP-0A2M3F1A" failures="0" tests="2" name="com.qa.ohrm.testcases.PunchInTest" time="78.615" errors="0" timestamp="2023-06-09T11:07:00 IST" skipped="0">
  <testcase classname="com.qa.ohrm.testcases.PunchInTest" name="Note" time="36.163"/>
  <system-out/>
  <testcase classname="com.qa.ohrm.testcases.PunchInTest" name="In" time="42.452"/>
  <system-out/>
</testsuite> <!-- com.qa.ohrm.testcases.PunchInTest -->
