<?xml version="1.0" encoding="UTF-8"?>
<!-- Generated by org.testng.reporters.JUnitReportReporter -->
<testsuite hostname="LAPTOP-0A2M3F1A" failures="0" tests="3" name="com.qa.ohrm.testcases.TimeSheetTest" time="82.672" errors="0" timestamp="2023-06-09T11:07:00 IST" skipped="0">
  <testcase classname="com.qa.ohrm.testcases.TimeSheetTest" name="timeSheet" time="26.282"/>
  <system-out/>
  <testcase classname="com.qa.ohrm.testcases.TimeSheetTest" name="employee" time="28.274"/>
  <system-out/>
  <testcase classname="com.qa.ohrm.testcases.TimeSheetTest" name="getRecord" time="28.116"/>
  <system-out/>
</testsuite> <!-- com.qa.ohrm.testcases.TimeSheetTest -->
