<?xml version="1.0" encoding="UTF-8"?>
<!-- Generated by org.testng.reporters.JUnitReportReporter -->
<testsuite hostname="LAPTOP-0A2M3F1A" failures="0" tests="1" name="com.qa.ohrm.testcases.HomePageTest" time="29.221" errors="0" timestamp="2023-06-09T11:07:00 IST" skipped="0">
  <testcase classname="com.qa.ohrm.testcases.HomePageTest" name="getTimePage" time="29.221"/>
  <system-out/>
</testsuite> <!-- com.qa.ohrm.testcases.HomePageTest -->
